

<!DOCTYPE html>
<html>
<head>
<meta charset="UTF-8">
<meta name="viewport" content="width=device-width, initial-scale=1, shrink-to-fit=no">
<title></title>
<link rel="apple-touch-icon" href="https://cdn.jsdelivr.net/gh/extent-framework/extent-github-cdn@b00a2d0486596e73dd7326beacf352c639623a0e/commons/img/logo.png">
<link rel="shortcut icon" href="https://cdn.jsdelivr.net/gh/extent-framework/extent-github-cdn@b00a2d0486596e73dd7326beacf352c639623a0e/commons/img/logo.png">
<link href="https://cdn.jsdelivr.net/gh/extent-framework/extent-github-cdn@d6562a79075e061305ccfdb82f01e5e195e2d307/spark/css/spark-style.css" rel="stylesheet" />
<link href="https://stackpath.bootstrapcdn.com/font-awesome/4.7.0/css/font-awesome.min.css" rel="stylesheet">
<script src="https://cdn.jsdelivr.net/gh/extent-framework/extent-github-cdn@7cc78ce/spark/js/jsontree.js"></script>
<style type="text/css"></style></head><body class="spa bdd-report standard">
  <div class="app">
    <div class="layout">
<div class="header navbar">
<div class="vheader">
<div class="nav-logo">
<a href="#">
<div class="logo" style="background-image: url('https://cdn.jsdelivr.net/gh/extent-framework/extent-github-cdn@b00a2d0486596e73dd7326beacf352c639623a0e/commons/img/logo.png')"></div>
</a>
</div>
<ul class="nav-left">
<li class="search-box">
<a class="search-toggle" href="#">
<i class="search-icon fa fa-search"></i>
<i class="search-icon-close fa fa-close"></i>
</a>
</li>
<li class="search-input"><input id="search-tests" class="form-control" type="text" placeholder="Search..."></li>
</ul>
<ul class="nav-right">
<li class="m-r-10">
<a href="#"><span class="badge badge-primary"></span></a>
</li>
<li class="m-r-10">
<a href="#"><span class="badge badge-primary">Feb 1, 2024 12:16:33 PM</span></a>
</li>
</ul>
</div>
</div><div class="side-nav">
<div class="side-nav-inner">
<ul class="side-nav-menu">
<li class="nav-item dropdown" onclick="toggleView('test-view')">
<a id="nav-test" class="dropdown-toggle" href="#">
<span class="ico"><i class="fa fa-list"></i></span>
</a>
</li>
<li class="nav-item dropdown" onclick="toggleView('exception-view')">
<a id="nav-exception" class="dropdown-toggle" href="#">
<span class="ico"><i class="fa fa-bug"></i></span>
</a>
</li>
<li class="nav-item dropdown" onclick="toggleView('dashboard-view')">
<a id="nav-dashboard" class="dropdown-toggle" href="#">
<span class="ico"><i class="fa fa-bar-chart"></i></span>
</a>
</li>
</ul>
</div>
</div>      <div class="vcontainer">
        <div class="main-content">
<div class="test-wrapper row view test-view">
  <div class="test-list">
    <div class="test-list-tools">
<ul class="tools pull-left">
<li><a href="#"><span class="font-size-14">Tests</span></a></li>
</ul>
<ul class="tools text-right">
<li class="dropdown">
<a href="#" class="dropdown-toggle" data-toggle="dropdown"><i class="fa fa-exclamation-circle"></i></a>
<ul id="status-toggle" class="dropdown-menu dropdown-md p-v-0">
<a class="dropdown-item" status="fail" href="#"><span>Fail</span><span class="status danger"></span></a>
<div class="dropdown-divider"></div>
<a status="clear" class="dropdown-item" href="#"><span>Clear</span><span class="pull-right"><i class="fa fa-close"></i></span></a>
</ul>
</li>
</ul>
</div>    <div class="test-list-wrapper scrollable">
      <ul class="test-list-item">
        <li class="test-item"  status="fail" test-id="1"
          author=""
          tag=""
          device="">
          <div class="test-detail">
            <p class="name">US121623 [Interaction] [Pre job planning] Single Well Lateral Length</p>
            <p class="text-sm">
              <span>12:16:34</span> / <span>00:06:45:037</span>
              <span class="badge fail-bg log float-right">Fail</span>
            </p>
          </div>
          <div class="test-contents d-none">
<div class="detail-head">
<div class="p-v-10">
<div class="info">
<h5 class="test-status text-fail">US121623 [Interaction] [Pre job planning] Single Well Lateral Length</h5>
<span class='badge badge-success'>02.01.2024 12:16:34</span>
<span class='badge badge-danger'>02.01.2024 12:23:19</span>
<span class='badge badge-default'>00:06:45:037</span>
&middot; <span class='uri-anchor badge badge-default'>#test-id=1</span>
<span class='badge badge-default pointer float-right ml-1 et'><i class="fa fa-chevron-down"></i></span>
<span class='badge badge-default pointer float-right ct'><i class="fa fa-chevron-up"></i></span>
</div>
<div class="m-t-10 m-l-5"></div>
</div>
</div>
<div class="accordion mt-4">
  <div class="card">
    <div class="card-header" role="tab">
      <div class="card-title">
        <div class="node" id="2"><span class="badge log pass-bg mr-2">Pass</span>TC122070 Verify  by giving wrong values in Single Well Lateral Length tab without applying condition for unit API</div>
      </div>
    </div>
        <div class="collapse">
          <div class="card-body">
              <div class="step pass-bg" title="stepDefinitions.LoginPageStepDefinitions.user_launches_the_mobile_application()">
                <span>Given User launches the mobile application</span>
      <div>
      </div>
              </div>
              <div class="step pass-bg" title="stepDefinitions.LoginPageStepDefinitions.user_logs_in_with_username_and_password(java.lang.String,java.lang.String)">
                <span>When User logs in with username "rajyalakshmi724@gmail.com" and password "Amma@31348286"</span>
      <div>
      </div>
              </div>
              <div class="step pass-bg" title="stepDefinitions.LoginPageStepDefinitions.user_should_be_able_to_login()">
                <span>Then User should be able to login</span>
      <div>
      </div>
              </div>
              <div class="step pass-bg" title="stepDefinitions.HomePageStepDefinitions.user_clicks_on_the_pre_planning_icon_in_homepage()">
                <span>Then User clicks on the pre-planning icon in homepage</span>
      <div>
      </div>
              </div>
              <div class="step pass-bg" title="stepDefinitions.PrePlanningStepDefinitions.user_clicks_on_frac_sequence_planning_in_menu_tab()">
                <span>And User clicks on Frac Sequence Planning in menu tab</span>
      <div>
      </div>
              </div>
              <div class="step pass-bg" title="stepDefinitions.PrePlanningMenuPageStepDefinitions.check_whether_the_api_radio_button_is_selected_by_default()">
                <span>And Check whether the API radio button is selected by default</span>
      <div>
      </div>
              </div>
              <div class="step pass-bg" title="stepDefinitions.PrePlanningMenuPageStepDefinitions.give_the_wrong_value_like_and_by_terminating_condition(java.lang.Integer,java.lang.Integer,java.lang.Integer,java.lang.Integer,java.lang.Integer)">
                <span>Then Give the wrong value like 20, 30, 900, 25 and 20001, by terminating condition</span>
      <div>
      </div>
              </div>
          </div>
        </div>
  </div>
  <div class="card">
    <div class="card-header" role="tab">
      <div class="card-title">
        <div class="node" id="17"><span class="badge log fail-bg mr-2">Fail</span>TC122074 Verify  by giving wrong values in Single Well Lateral Length tab without applying condition for unit SI</div>
          <div class="status-avatar float-right mr-4">
            <i class="fa fa-paperclip"></i>
          </div>
      </div>
    </div>
        <div class="">
          <div class="card-body">
              <div class="step pass-bg" title="stepDefinitions.LoginPageStepDefinitions.user_launches_the_mobile_application()">
                <span>Given User launches the mobile application</span>
      <div>
      </div>
              </div>
              <div class="step pass-bg" title="stepDefinitions.LoginPageStepDefinitions.user_logs_in_with_username_and_password(java.lang.String,java.lang.String)">
                <span>When User logs in with username "rajyalakshmi724@gmail.com" and password "Amma@31348286"</span>
      <div>
      </div>
              </div>
              <div class="step pass-bg" title="stepDefinitions.LoginPageStepDefinitions.user_should_be_able_to_login()">
                <span>Then User should be able to login</span>
      <div>
      </div>
              </div>
              <div class="step pass-bg" title="stepDefinitions.HomePageStepDefinitions.user_clicks_on_the_pre_planning_icon_in_homepage()">
                <span>Then User clicks on the pre-planning icon in homepage</span>
      <div>
      </div>
              </div>
              <div class="step pass-bg" title="stepDefinitions.PrePlanningStepDefinitions.user_clicks_on_frac_sequence_planning_in_menu_tab()">
                <span>And User clicks on Frac Sequence Planning in menu tab</span>
      <div>
      </div>
              </div>
              <div class="step fail-bg" title="stepDefinitions.PrePlanningMenuPageStepDefinitions.check_whether_si_radio_button_is_selectable()">
                <span>Then Check whether SI radio button is selectable</span>
      <div>
        <textarea disabled class="code-block">org.openqa.selenium.NoSuchElementException: Can't locate an element by this strategy: By.xpath: //XCUIElementTypeApplication[@name="SmartFleet"]/XCUIElementTypeWindow[1]/XCUIElementTypeOther[4]/XCUIElementTypeOther/XCUIElementTypeOther/XCUIElementTypeOther/XCUIElementTypeOther/XCUIElementTypeOther/XCUIElementTypeOther/XCUIElementTypeOther/XCUIElementTypeOther[2]/XCUIElementTypeScrollView/XCUIElementTypeOther[1]/XCUIElementTypeOther[1]/XCUIElementTypeOther/XCUIElementTypeOther[2]/XCUIElementTypeButton[2]
	at io.appium.java_client.pagefactory.AppiumElementLocator.findElement(AppiumElementLocator.java:166)
	at io.appium.java_client.pagefactory.interceptors.InterceptorOfASingleElement.call(InterceptorOfASingleElement.java:64)
	at io.appium.java_client.proxy.Interceptor.intercept(Interceptor.java:78)
	at org.openqa.selenium.remote.RemoteWebElement$ByteBuddy$BurUWRZa.click(Unknown Source)
	at pageObjects.PrePlanningMenuPage.checkSIradioBtn(PrePlanningMenuPage.java:303)
	at stepDefinitions.PrePlanningMenuPageStepDefinitions.check_whether_si_radio_button_is_selectable(PrePlanningMenuPageStepDefinitions.java:82)
	at ✽.Check whether SI radio button is selectable(file:///Users/abiramisundarapandian/Documents/RubixEclipseWorkspace/SmartfleetApp/src/test/java/features/US121623.feature:19)
Caused by: org.openqa.selenium.TimeoutException: Expected condition failed: waiting for io.appium.java_client.pagefactory.AppiumElementLocator$WaitingFunction@7e0cbe79 (tried for 1 second(s) with 500 milliseconds interval)
	at org.openqa.selenium.support.ui.FluentWait.timeoutException(FluentWait.java:262)
	at org.openqa.selenium.support.ui.FluentWait.until(FluentWait.java:230)
	at io.appium.java_client.pagefactory.AppiumElementLocator.waitFor(AppiumElementLocator.java:135)
	at io.appium.java_client.pagefactory.AppiumElementLocator.findElement(AppiumElementLocator.java:160)
	at io.appium.java_client.pagefactory.interceptors.InterceptorOfASingleElement.call(InterceptorOfASingleElement.java:64)
	at io.appium.java_client.proxy.Interceptor.intercept(Interceptor.java:78)
	at org.openqa.selenium.remote.RemoteWebElement$ByteBuddy$BurUWRZa.click(Unknown Source)
	at pageObjects.PrePlanningMenuPage.checkSIradioBtn(PrePlanningMenuPage.java:303)
	at stepDefinitions.PrePlanningMenuPageStepDefinitions.check_whether_si_radio_button_is_selectable(PrePlanningMenuPageStepDefinitions.java:82)
	at java.base/jdk.internal.reflect.NativeMethodAccessorImpl.invoke0(Native Method)
	at java.base/jdk.internal.reflect.NativeMethodAccessorImpl.invoke(NativeMethodAccessorImpl.java:62)
	at java.base/jdk.internal.reflect.DelegatingMethodAccessorImpl.invoke(DelegatingMethodAccessorImpl.java:43)
	at java.base/java.lang.reflect.Method.invoke(Method.java:566)
	at io.cucumber.java.Invoker.doInvoke(Invoker.java:66)
	at io.cucumber.java.Invoker.invoke(Invoker.java:24)
	at io.cucumber.java.AbstractGlueDefinition.invokeMethod(AbstractGlueDefinition.java:47)
	at io.cucumber.java.JavaStepDefinition.execute(JavaStepDefinition.java:29)
	at io.cucumber.core.runner.CoreStepDefinition.execute(CoreStepDefinition.java:66)
	at io.cucumber.core.runner.PickleStepDefinitionMatch.runStep(PickleStepDefinitionMatch.java:63)
	at io.cucumber.core.runner.ExecutionMode$1.execute(ExecutionMode.java:10)
	at io.cucumber.core.runner.TestStep.executeStep(TestStep.java:84)
	at io.cucumber.core.runner.TestStep.run(TestStep.java:56)
	at io.cucumber.core.runner.PickleStepTestStep.run(PickleStepTestStep.java:51)
	at io.cucumber.core.runner.TestCase.run(TestCase.java:84)
	at io.cucumber.core.runner.Runner.runPickle(Runner.java:75)
	at io.cucumber.testng.TestNGCucumberRunner.lambda$runScenario$1(TestNGCucumberRunner.java:132)
	at io.cucumber.core.runtime.CucumberExecutionContext.lambda$runTestCase$5(CucumberExecutionContext.java:137)
	at io.cucumber.core.runtime.RethrowingThrowableCollector.executeAndThrow(RethrowingThrowableCollector.java:23)
	at io.cucumber.core.runtime.CucumberExecutionContext.runTestCase(CucumberExecutionContext.java:137)
	at io.cucumber.testng.TestNGCucumberRunner.runScenario(TestNGCucumberRunner.java:129)
	at io.cucumber.testng.AbstractTestNGCucumberTests.runScenario(AbstractTestNGCucumberTests.java:35)
	at java.base/jdk.internal.reflect.NativeMethodAccessorImpl.invoke0(Native Method)
	at java.base/jdk.internal.reflect.NativeMethodAccessorImpl.invoke(NativeMethodAccessorImpl.java:62)
	at java.base/jdk.internal.reflect.DelegatingMethodAccessorImpl.invoke(DelegatingMethodAccessorImpl.java:43)
	at java.base/java.lang.reflect.Method.invoke(Method.java:566)
	at org.testng.internal.invokers.MethodInvocationHelper.invokeMethod(MethodInvocationHelper.java:139)
	at org.testng.internal.invokers.TestInvoker.invokeMethod(TestInvoker.java:664)
	at org.testng.internal.invokers.TestInvoker.invokeTestMethod(TestInvoker.java:227)
	at org.testng.internal.invokers.MethodRunner.runInSequence(MethodRunner.java:50)
	at org.testng.internal.invokers.TestInvoker$MethodInvocationAgent.invoke(TestInvoker.java:957)
	at org.testng.internal.invokers.TestInvoker.invokeTestMethods(TestInvoker.java:200)
	at org.testng.internal.invokers.TestMethodWorker.invokeTestMethods(TestMethodWorker.java:148)
	at org.testng.internal.invokers.TestMethodWorker.run(TestMethodWorker.java:128)
	at java.base/java.util.ArrayList.forEach(ArrayList.java:1541)
	at org.testng.TestRunner.privateRun(TestRunner.java:848)
	at org.testng.TestRunner.run(TestRunner.java:621)
	at org.testng.SuiteRunner.runTest(SuiteRunner.java:443)
	at org.testng.SuiteRunner.runSequentially(SuiteRunner.java:437)
	at org.testng.SuiteRunner.privateRun(SuiteRunner.java:397)
	at org.testng.SuiteRunner.run(SuiteRunner.java:336)
	at org.testng.SuiteRunnerWorker.runSuite(SuiteRunnerWorker.java:52)
	at org.testng.SuiteRunnerWorker.run(SuiteRunnerWorker.java:95)
	at org.testng.TestNG.runSuitesSequentially(TestNG.java:1280)
	at org.testng.TestNG.runSuitesLocally(TestNG.java:1200)
	at org.testng.TestNG.runSuites(TestNG.java:1114)
	at org.testng.TestNG.run(TestNG.java:1082)
	at org.testng.remote.AbstractRemoteTestNG.run(AbstractRemoteTestNG.java:115)
	at org.testng.remote.RemoteTestNG.initAndRun(RemoteTestNG.java:251)
	at org.testng.remote.RemoteTestNG.main(RemoteTestNG.java:77)
Caused by: org.openqa.selenium.NoSuchElementException: An element could not be located on the page using the given search parameters.
For documentation on this error, please visit: https://www.selenium.dev/documentation/webdriver/troubleshooting/errors#no-such-element-exception
Build info: version: '4.13.0', revision: 'ba948ece5b*'
System info: os.name: 'Mac OS X', os.arch: 'aarch64', os.version: '14.0', java.version: '11.0.17'
Driver info: io.appium.java_client.ios.IOSDriver
Command: [f0dd186d564a9cd9dd22bcf6db1e86b4e5afbdad, findElement {using=xpath, value=//XCUIElementTypeApplication[@name="SmartFleet"]/XCUIElementTypeWindow[1]/XCUIElementTypeOther[4]/XCUIElementTypeOther/XCUIElementTypeOther/XCUIElementTypeOther/XCUIElementTypeOther/XCUIElementTypeOther/XCUIElementTypeOther/XCUIElementTypeOther/XCUIElementTypeOther[2]/XCUIElementTypeScrollView/XCUIElementTypeOther[1]/XCUIElementTypeOther[1]/XCUIElementTypeOther/XCUIElementTypeOther[2]/XCUIElementTypeButton[2]}]
Capabilities {appium:automationName: XCUITest, appium:bootstrapPath: /usr/local/.browserstack/co..., appium:browserstack.isTargetBased: true, appium:build: 2.0.12, appium:bundleID: com.halliburton.ucwmobile, appium:bundleId: com.halliburton.ucwmobile, appium:databaseEnabled: false, appium:deviceName: iphone 14, appium:deviceOrientation: PORTRAIT, appium:javascriptEnabled: true, appium:keychainPassword: [REDACTED VALUE], appium:keychainPath: [REDACTED VALUE], appium:locationContextEnabled: false, appium:name: browserstack sample test, appium:networkConnectionEnabled: false, appium:newCommandTimeout: 0, appium:noReset: true, appium:orientation: PORTRAIT, appium:os_version: 16, appium:project: bsdemo, appium:realMobile: true, appium:safariIgnoreFraudWarning: true, appium:safariInitialUrl: http://mobile-internet-chec..., appium:takesScreenshot: true, appium:udid: 00008110-00114D991EF8401E, appium:useXctestrunFile: true, appium:waitForQuiescence: false, appium:wdaStartupRetries: 3, appium:webStorageEnabled: false, appium:webkitResponseTimeout: 20000, bstack:options: {appiumVersion: 1.21.0}, platformName: IOS}
Session ID: f0dd186d564a9cd9dd22bcf6db1e86b4e5afbdad
	at java.base/jdk.internal.reflect.NativeConstructorAccessorImpl.newInstance0(Native Method)
	at java.base/jdk.internal.reflect.NativeConstructorAccessorImpl.newInstance(NativeConstructorAccessorImpl.java:62)
	at java.base/jdk.internal.reflect.DelegatingConstructorAccessorImpl.newInstance(DelegatingConstructorAccessorImpl.java:45)
	at java.base/java.lang.reflect.Constructor.newInstance(Constructor.java:490)
	at org.openqa.selenium.remote.codec.w3c.W3CHttpResponseCodec.createException(W3CHttpResponseCodec.java:200)
	at org.openqa.selenium.remote.codec.w3c.W3CHttpResponseCodec.decode(W3CHttpResponseCodec.java:133)
	at org.openqa.selenium.remote.codec.w3c.W3CHttpResponseCodec.decode(W3CHttpResponseCodec.java:52)
	at org.openqa.selenium.remote.HttpCommandExecutor.execute(HttpCommandExecutor.java:191)
	at io.appium.java_client.remote.AppiumCommandExecutor.execute(AppiumCommandExecutor.java:250)
	at org.openqa.selenium.remote.RemoteWebDriver.execute(RemoteWebDriver.java:602)
	at org.openqa.selenium.remote.ElementLocation$ElementFinder$2.findElement(ElementLocation.java:165)
	at org.openqa.selenium.remote.ElementLocation.findElement(ElementLocation.java:59)
	at org.openqa.selenium.remote.RemoteWebDriver.findElement(RemoteWebDriver.java:359)
	at org.openqa.selenium.remote.RemoteWebDriver.findElement(RemoteWebDriver.java:353)
	at io.appium.java_client.pagefactory.bys.ContentMappedBy.findElement(ContentMappedBy.java:53)
	at org.openqa.selenium.remote.ElementLocation$ElementFinder$1.findElement(ElementLocation.java:139)
	at org.openqa.selenium.remote.ElementLocation.findElement(ElementLocation.java:59)
	at org.openqa.selenium.remote.RemoteWebDriver.findElement(RemoteWebDriver.java:359)
	at org.openqa.selenium.remote.RemoteWebDriver.findElement(RemoteWebDriver.java:353)
	at io.appium.java_client.pagefactory.AppiumElementLocator.lambda$findElement$1(AppiumElementLocator.java:160)
	at io.appium.java_client.pagefactory.AppiumElementLocator$WaitingFunction.apply(AppiumElementLocator.java:217)
	at io.appium.java_client.pagefactory.AppiumElementLocator$WaitingFunction.apply(AppiumElementLocator.java:210)
	at org.openqa.selenium.support.ui.FluentWait.until(FluentWait.java:205)
	... 57 more
</textarea>
      
      </div>
              </div>
              <div class="step pass-bg" title="AFTER_STEP">
                <span>stepDefinitions.hooks.AddScreenshot(io.cucumber.java.Scenario)</span>
      <div>image
          <div class="row mb-3"><div class="col-md-3">
<img data-featherlight='./screenshots/embedded1.png' src="./screenshots/embedded1.png">
    
    </div></div>
</div>
      <div>
      </div>
              </div>
              <div class="step skip-bg" title="stepDefinitions.PrePlanningMenuPageStepDefinitions.give_the_wrong_value_like_by_terminating_condition(java.lang.Integer,java.lang.Double,java.lang.Integer,java.lang.Integer,java.lang.Integer)">
                <span>Then Give the wrong value like 90, 30.6, 230, 6001, 8002 by terminating condition</span>
      <div>Step skipped
      </div>
              </div>
          </div>
        </div>
  </div>
  <div class="card">
    <div class="card-header" role="tab">
      <div class="card-title">
        <div class="node" id="32"><span class="badge log fail-bg mr-2">Fail</span>TC122071 Verify the default value in Single Well Lateral Length Tab(API Units)</div>
          <div class="status-avatar float-right mr-4">
            <i class="fa fa-paperclip"></i>
          </div>
      </div>
    </div>
        <div class="">
          <div class="card-body">
              <div class="step pass-bg" title="stepDefinitions.LoginPageStepDefinitions.user_launches_the_mobile_application()">
                <span>Given User launches the mobile application</span>
      <div>
      </div>
              </div>
              <div class="step pass-bg" title="stepDefinitions.LoginPageStepDefinitions.user_logs_in_with_username_and_password(java.lang.String,java.lang.String)">
                <span>When User logs in with username "rajyalakshmi724@gmail.com" and password "Amma@31348286"</span>
      <div>
      </div>
              </div>
              <div class="step pass-bg" title="stepDefinitions.LoginPageStepDefinitions.user_should_be_able_to_login()">
                <span>Then User should be able to login</span>
      <div>
      </div>
              </div>
              <div class="step pass-bg" title="stepDefinitions.HomePageStepDefinitions.user_clicks_on_the_pre_planning_icon_in_homepage()">
                <span>Then User clicks on the pre-planning icon in homepage</span>
      <div>
      </div>
              </div>
              <div class="step pass-bg" title="stepDefinitions.PrePlanningStepDefinitions.user_clicks_on_frac_sequence_planning_in_menu_tab()">
                <span>And User clicks on Frac Sequence Planning in menu tab</span>
      <div>
      </div>
              </div>
              <div class="step pass-bg" title="stepDefinitions.PrePlanningMenuPageStepDefinitions.check_whether_the_api_radio_button_is_selected_by_default()">
                <span>And Check whether the API radio button is selected by default</span>
      <div>
      </div>
              </div>
              <div class="step fail-bg" title="stepDefinitions.PrePlanningMenuPageStepDefinitions.verify_the_default_value_in_single_well_lateral_length_tab_api_units_is(java.lang.Integer)">
                <span>Then Verify the default value in  Single Well Lateral Length Tab(API Units) is 9507</span>
      <div>
        <textarea disabled class="code-block">java.lang.AssertionError: expected [9507] but found [9500]
	at org.testng.Assert.fail(Assert.java:111)
	at org.testng.Assert.failNotEquals(Assert.java:1578)
	at org.testng.Assert.assertEqualsImpl(Assert.java:150)
	at org.testng.Assert.assertEquals(Assert.java:132)
	at org.testng.Assert.assertEquals(Assert.java:656)
	at org.testng.Assert.assertEquals(Assert.java:666)
	at stepDefinitions.PrePlanningMenuPageStepDefinitions.verify_the_default_value_in_single_well_lateral_length_tab_api_units_is(PrePlanningMenuPageStepDefinitions.java:118)
	at ✽.Verify the default value in  Single Well Lateral Length Tab(API Units) is 9507(file:///Users/abiramisundarapandian/Documents/RubixEclipseWorkspace/SmartfleetApp/src/test/java/features/US121623.feature:27)
</textarea>
      
      </div>
              </div>
              <div class="step pass-bg" title="AFTER_STEP">
                <span>stepDefinitions.hooks.AddScreenshot(io.cucumber.java.Scenario)</span>
      <div>image
          <div class="row mb-3"><div class="col-md-3">
<img data-featherlight='./screenshots/embedded2.png' src="./screenshots/embedded2.png">
    
    </div></div>
</div>
      <div>
      </div>
              </div>
          </div>
        </div>
  </div>
  <div class="card">
    <div class="card-header" role="tab">
      <div class="card-title">
        <div class="node" id="47"><span class="badge log fail-bg mr-2">Fail</span>TC122075 Verify the default value in Single Well Lateral Length Tab(SI Units)</div>
          <div class="status-avatar float-right mr-4">
            <i class="fa fa-paperclip"></i>
          </div>
      </div>
    </div>
        <div class="">
          <div class="card-body">
              <div class="step pass-bg" title="stepDefinitions.LoginPageStepDefinitions.user_launches_the_mobile_application()">
                <span>Given User launches the mobile application</span>
      <div>
      </div>
              </div>
              <div class="step pass-bg" title="stepDefinitions.LoginPageStepDefinitions.user_logs_in_with_username_and_password(java.lang.String,java.lang.String)">
                <span>When User logs in with username "rajyalakshmi724@gmail.com" and password "Amma@31348286"</span>
      <div>
      </div>
              </div>
              <div class="step pass-bg" title="stepDefinitions.LoginPageStepDefinitions.user_should_be_able_to_login()">
                <span>Then User should be able to login</span>
      <div>
      </div>
              </div>
              <div class="step pass-bg" title="stepDefinitions.HomePageStepDefinitions.user_clicks_on_the_pre_planning_icon_in_homepage()">
                <span>Then User clicks on the pre-planning icon in homepage</span>
      <div>
      </div>
              </div>
              <div class="step pass-bg" title="stepDefinitions.PrePlanningStepDefinitions.user_clicks_on_frac_sequence_planning_in_menu_tab()">
                <span>And User clicks on Frac Sequence Planning in menu tab</span>
      <div>
      </div>
              </div>
              <div class="step fail-bg" title="stepDefinitions.PrePlanningMenuPageStepDefinitions.check_whether_si_radio_button_is_selectable()">
                <span>Then Check whether SI radio button is selectable</span>
      <div>
        <textarea disabled class="code-block">org.openqa.selenium.NoSuchElementException: Can't locate an element by this strategy: By.xpath: //XCUIElementTypeApplication[@name="SmartFleet"]/XCUIElementTypeWindow[1]/XCUIElementTypeOther[4]/XCUIElementTypeOther/XCUIElementTypeOther/XCUIElementTypeOther/XCUIElementTypeOther/XCUIElementTypeOther/XCUIElementTypeOther/XCUIElementTypeOther/XCUIElementTypeOther[2]/XCUIElementTypeScrollView/XCUIElementTypeOther[1]/XCUIElementTypeOther[1]/XCUIElementTypeOther/XCUIElementTypeOther[2]/XCUIElementTypeButton[2]
	at io.appium.java_client.pagefactory.AppiumElementLocator.findElement(AppiumElementLocator.java:166)
	at io.appium.java_client.pagefactory.interceptors.InterceptorOfASingleElement.call(InterceptorOfASingleElement.java:64)
	at io.appium.java_client.proxy.Interceptor.intercept(Interceptor.java:78)
	at org.openqa.selenium.remote.RemoteWebElement$ByteBuddy$4PXBAUcB.click(Unknown Source)
	at pageObjects.PrePlanningMenuPage.checkSIradioBtn(PrePlanningMenuPage.java:303)
	at stepDefinitions.PrePlanningMenuPageStepDefinitions.check_whether_si_radio_button_is_selectable(PrePlanningMenuPageStepDefinitions.java:82)
	at ✽.Check whether SI radio button is selectable(file:///Users/abiramisundarapandian/Documents/RubixEclipseWorkspace/SmartfleetApp/src/test/java/features/US121623.feature:33)
Caused by: org.openqa.selenium.TimeoutException: Expected condition failed: waiting for io.appium.java_client.pagefactory.AppiumElementLocator$WaitingFunction@bc537fe (tried for 1 second(s) with 500 milliseconds interval)
	at org.openqa.selenium.support.ui.FluentWait.timeoutException(FluentWait.java:262)
	at org.openqa.selenium.support.ui.FluentWait.until(FluentWait.java:230)
	at io.appium.java_client.pagefactory.AppiumElementLocator.waitFor(AppiumElementLocator.java:135)
	at io.appium.java_client.pagefactory.AppiumElementLocator.findElement(AppiumElementLocator.java:160)
	at io.appium.java_client.pagefactory.interceptors.InterceptorOfASingleElement.call(InterceptorOfASingleElement.java:64)
	at io.appium.java_client.proxy.Interceptor.intercept(Interceptor.java:78)
	at org.openqa.selenium.remote.RemoteWebElement$ByteBuddy$4PXBAUcB.click(Unknown Source)
	at pageObjects.PrePlanningMenuPage.checkSIradioBtn(PrePlanningMenuPage.java:303)
	at stepDefinitions.PrePlanningMenuPageStepDefinitions.check_whether_si_radio_button_is_selectable(PrePlanningMenuPageStepDefinitions.java:82)
	at java.base/jdk.internal.reflect.NativeMethodAccessorImpl.invoke0(Native Method)
	at java.base/jdk.internal.reflect.NativeMethodAccessorImpl.invoke(NativeMethodAccessorImpl.java:62)
	at java.base/jdk.internal.reflect.DelegatingMethodAccessorImpl.invoke(DelegatingMethodAccessorImpl.java:43)
	at java.base/java.lang.reflect.Method.invoke(Method.java:566)
	at io.cucumber.java.Invoker.doInvoke(Invoker.java:66)
	at io.cucumber.java.Invoker.invoke(Invoker.java:24)
	at io.cucumber.java.AbstractGlueDefinition.invokeMethod(AbstractGlueDefinition.java:47)
	at io.cucumber.java.JavaStepDefinition.execute(JavaStepDefinition.java:29)
	at io.cucumber.core.runner.CoreStepDefinition.execute(CoreStepDefinition.java:66)
	at io.cucumber.core.runner.PickleStepDefinitionMatch.runStep(PickleStepDefinitionMatch.java:63)
	at io.cucumber.core.runner.ExecutionMode$1.execute(ExecutionMode.java:10)
	at io.cucumber.core.runner.TestStep.executeStep(TestStep.java:84)
	at io.cucumber.core.runner.TestStep.run(TestStep.java:56)
	at io.cucumber.core.runner.PickleStepTestStep.run(PickleStepTestStep.java:51)
	at io.cucumber.core.runner.TestCase.run(TestCase.java:84)
	at io.cucumber.core.runner.Runner.runPickle(Runner.java:75)
	at io.cucumber.testng.TestNGCucumberRunner.lambda$runScenario$1(TestNGCucumberRunner.java:132)
	at io.cucumber.core.runtime.CucumberExecutionContext.lambda$runTestCase$5(CucumberExecutionContext.java:137)
	at io.cucumber.core.runtime.RethrowingThrowableCollector.executeAndThrow(RethrowingThrowableCollector.java:23)
	at io.cucumber.core.runtime.CucumberExecutionContext.runTestCase(CucumberExecutionContext.java:137)
	at io.cucumber.testng.TestNGCucumberRunner.runScenario(TestNGCucumberRunner.java:129)
	at io.cucumber.testng.AbstractTestNGCucumberTests.runScenario(AbstractTestNGCucumberTests.java:35)
	at java.base/jdk.internal.reflect.NativeMethodAccessorImpl.invoke0(Native Method)
	at java.base/jdk.internal.reflect.NativeMethodAccessorImpl.invoke(NativeMethodAccessorImpl.java:62)
	at java.base/jdk.internal.reflect.DelegatingMethodAccessorImpl.invoke(DelegatingMethodAccessorImpl.java:43)
	at java.base/java.lang.reflect.Method.invoke(Method.java:566)
	at org.testng.internal.invokers.MethodInvocationHelper.invokeMethod(MethodInvocationHelper.java:139)
	at org.testng.internal.invokers.TestInvoker.invokeMethod(TestInvoker.java:664)
	at org.testng.internal.invokers.TestInvoker.invokeTestMethod(TestInvoker.java:227)
	at org.testng.internal.invokers.MethodRunner.runInSequence(MethodRunner.java:50)
	at org.testng.internal.invokers.TestInvoker$MethodInvocationAgent.invoke(TestInvoker.java:957)
	at org.testng.internal.invokers.TestInvoker.invokeTestMethods(TestInvoker.java:200)
	at org.testng.internal.invokers.TestMethodWorker.invokeTestMethods(TestMethodWorker.java:148)
	at org.testng.internal.invokers.TestMethodWorker.run(TestMethodWorker.java:128)
	at java.base/java.util.ArrayList.forEach(ArrayList.java:1541)
	at org.testng.TestRunner.privateRun(TestRunner.java:848)
	at org.testng.TestRunner.run(TestRunner.java:621)
	at org.testng.SuiteRunner.runTest(SuiteRunner.java:443)
	at org.testng.SuiteRunner.runSequentially(SuiteRunner.java:437)
	at org.testng.SuiteRunner.privateRun(SuiteRunner.java:397)
	at org.testng.SuiteRunner.run(SuiteRunner.java:336)
	at org.testng.SuiteRunnerWorker.runSuite(SuiteRunnerWorker.java:52)
	at org.testng.SuiteRunnerWorker.run(SuiteRunnerWorker.java:95)
	at org.testng.TestNG.runSuitesSequentially(TestNG.java:1280)
	at org.testng.TestNG.runSuitesLocally(TestNG.java:1200)
	at org.testng.TestNG.runSuites(TestNG.java:1114)
	at org.testng.TestNG.run(TestNG.java:1082)
	at org.testng.remote.AbstractRemoteTestNG.run(AbstractRemoteTestNG.java:115)
	at org.testng.remote.RemoteTestNG.initAndRun(RemoteTestNG.java:251)
	at org.testng.remote.RemoteTestNG.main(RemoteTestNG.java:77)
Caused by: org.openqa.selenium.NoSuchElementException: An element could not be located on the page using the given search parameters.
For documentation on this error, please visit: https://www.selenium.dev/documentation/webdriver/troubleshooting/errors#no-such-element-exception
Build info: version: '4.13.0', revision: 'ba948ece5b*'
System info: os.name: 'Mac OS X', os.arch: 'aarch64', os.version: '14.0', java.version: '11.0.17'
Driver info: io.appium.java_client.ios.IOSDriver
Command: [9577cafe0e994d8920003f2f6c30c2dcf07f71a6, findElement {using=xpath, value=//XCUIElementTypeApplication[@name="SmartFleet"]/XCUIElementTypeWindow[1]/XCUIElementTypeOther[4]/XCUIElementTypeOther/XCUIElementTypeOther/XCUIElementTypeOther/XCUIElementTypeOther/XCUIElementTypeOther/XCUIElementTypeOther/XCUIElementTypeOther/XCUIElementTypeOther[2]/XCUIElementTypeScrollView/XCUIElementTypeOther[1]/XCUIElementTypeOther[1]/XCUIElementTypeOther/XCUIElementTypeOther[2]/XCUIElementTypeButton[2]}]
Capabilities {appium:automationName: XCUITest, appium:bootstrapPath: /usr/local/.browserstack/co..., appium:browserstack.isTargetBased: true, appium:build: 2.0.12, appium:bundleID: com.halliburton.ucwmobile, appium:bundleId: com.halliburton.ucwmobile, appium:databaseEnabled: false, appium:deviceName: iphone 14, appium:deviceOrientation: PORTRAIT, appium:javascriptEnabled: true, appium:keychainPassword: [REDACTED VALUE], appium:keychainPath: [REDACTED VALUE], appium:locationContextEnabled: false, appium:name: browserstack sample test, appium:networkConnectionEnabled: false, appium:newCommandTimeout: 0, appium:noReset: true, appium:orientation: PORTRAIT, appium:os_version: 16, appium:project: bsdemo, appium:realMobile: true, appium:safariIgnoreFraudWarning: true, appium:safariInitialUrl: http://mobile-internet-chec..., appium:takesScreenshot: true, appium:udid: 00008110-0008343C14A1401E, appium:useXctestrunFile: true, appium:waitForQuiescence: false, appium:wdaStartupRetries: 3, appium:webStorageEnabled: false, appium:webkitResponseTimeout: 20000, bstack:options: {appiumVersion: 1.21.0}, platformName: IOS}
Session ID: 9577cafe0e994d8920003f2f6c30c2dcf07f71a6
	at java.base/jdk.internal.reflect.NativeConstructorAccessorImpl.newInstance0(Native Method)
	at java.base/jdk.internal.reflect.NativeConstructorAccessorImpl.newInstance(NativeConstructorAccessorImpl.java:62)
	at java.base/jdk.internal.reflect.DelegatingConstructorAccessorImpl.newInstance(DelegatingConstructorAccessorImpl.java:45)
	at java.base/java.lang.reflect.Constructor.newInstance(Constructor.java:490)
	at org.openqa.selenium.remote.codec.w3c.W3CHttpResponseCodec.createException(W3CHttpResponseCodec.java:200)
	at org.openqa.selenium.remote.codec.w3c.W3CHttpResponseCodec.decode(W3CHttpResponseCodec.java:133)
	at org.openqa.selenium.remote.codec.w3c.W3CHttpResponseCodec.decode(W3CHttpResponseCodec.java:52)
	at org.openqa.selenium.remote.HttpCommandExecutor.execute(HttpCommandExecutor.java:191)
	at io.appium.java_client.remote.AppiumCommandExecutor.execute(AppiumCommandExecutor.java:250)
	at org.openqa.selenium.remote.RemoteWebDriver.execute(RemoteWebDriver.java:602)
	at org.openqa.selenium.remote.ElementLocation$ElementFinder$2.findElement(ElementLocation.java:165)
	at org.openqa.selenium.remote.ElementLocation.findElement(ElementLocation.java:59)
	at org.openqa.selenium.remote.RemoteWebDriver.findElement(RemoteWebDriver.java:359)
	at org.openqa.selenium.remote.RemoteWebDriver.findElement(RemoteWebDriver.java:353)
	at io.appium.java_client.pagefactory.bys.ContentMappedBy.findElement(ContentMappedBy.java:53)
	at org.openqa.selenium.remote.ElementLocation$ElementFinder$1.findElement(ElementLocation.java:139)
	at org.openqa.selenium.remote.ElementLocation.findElement(ElementLocation.java:59)
	at org.openqa.selenium.remote.RemoteWebDriver.findElement(RemoteWebDriver.java:359)
	at org.openqa.selenium.remote.RemoteWebDriver.findElement(RemoteWebDriver.java:353)
	at io.appium.java_client.pagefactory.AppiumElementLocator.lambda$findElement$1(AppiumElementLocator.java:160)
	at io.appium.java_client.pagefactory.AppiumElementLocator$WaitingFunction.apply(AppiumElementLocator.java:217)
	at io.appium.java_client.pagefactory.AppiumElementLocator$WaitingFunction.apply(AppiumElementLocator.java:210)
	at org.openqa.selenium.support.ui.FluentWait.until(FluentWait.java:205)
	... 57 more
</textarea>
      
      </div>
              </div>
              <div class="step pass-bg" title="AFTER_STEP">
                <span>stepDefinitions.hooks.AddScreenshot(io.cucumber.java.Scenario)</span>
      <div>image
          <div class="row mb-3"><div class="col-md-3">
<img data-featherlight='./screenshots/embedded3.png' src="./screenshots/embedded3.png">
    
    </div></div>
</div>
      <div>
      </div>
              </div>
              <div class="step skip-bg" title="stepDefinitions.PrePlanningMenuPageStepDefinitions.verify_the_default_value_in_single_well_lateral_length_tab_si_units_is(java.lang.Integer)">
                <span>Then Verify the default value in  Single Well Lateral Length Tab(SI Units) is 3007</span>
      <div>Step skipped
      </div>
              </div>
          </div>
        </div>
  </div>
  <div class="card">
    <div class="card-header" role="tab">
      <div class="card-title">
        <div class="node" id="62"><span class="badge log pass-bg mr-2">Pass</span>TC122069 Verify the value in Single Well Lateral Length by applying condition for unit API</div>
      </div>
    </div>
        <div class="collapse">
          <div class="card-body">
              <div class="step pass-bg" title="stepDefinitions.LoginPageStepDefinitions.user_launches_the_mobile_application()">
                <span>Given User launches the mobile application</span>
      <div>
      </div>
              </div>
              <div class="step pass-bg" title="stepDefinitions.LoginPageStepDefinitions.user_logs_in_with_username_and_password(java.lang.String,java.lang.String)">
                <span>When User logs in with username "rajyalakshmi724@gmail.com" and password "Amma@31348286"</span>
      <div>
      </div>
              </div>
              <div class="step pass-bg" title="stepDefinitions.LoginPageStepDefinitions.user_should_be_able_to_login()">
                <span>Then User should be able to login</span>
      <div>
      </div>
              </div>
              <div class="step pass-bg" title="stepDefinitions.HomePageStepDefinitions.user_clicks_on_the_pre_planning_icon_in_homepage()">
                <span>Then User clicks on the pre-planning icon in homepage</span>
      <div>
      </div>
              </div>
              <div class="step pass-bg" title="stepDefinitions.PrePlanningStepDefinitions.user_clicks_on_frac_sequence_planning_in_menu_tab()">
                <span>And User clicks on Frac Sequence Planning in menu tab</span>
      <div>
      </div>
              </div>
              <div class="step pass-bg" title="stepDefinitions.PrePlanningMenuPageStepDefinitions.check_whether_the_api_radio_button_is_selected_by_default()">
                <span>And Check whether the API radio button is selected by default</span>
      <div>
      </div>
              </div>
              <div class="step pass-bg" title="stepDefinitions.PrePlanningMenuPageStepDefinitions.preferred_unit_is_in_api_give_values_as_and_in_single_well_lateral_length_tab_and_the_values_should_be_accepted(java.lang.Integer,java.lang.Integer)">
                <span>Then Preferred unit is in API, give values as 1001 and 19999 in  Single Well Lateral Length tab and the values should be accepted</span>
      <div>
      </div>
              </div>
          </div>
        </div>
  </div>
  <div class="card">
    <div class="card-header" role="tab">
      <div class="card-title">
        <div class="node" id="77"><span class="badge log fail-bg mr-2">Fail</span>TC122073 Verify the value in Single Well Lateral Length by applying condition for unit SI</div>
          <div class="status-avatar float-right mr-4">
            <i class="fa fa-paperclip"></i>
          </div>
      </div>
    </div>
        <div class="">
          <div class="card-body">
              <div class="step pass-bg" title="stepDefinitions.LoginPageStepDefinitions.user_launches_the_mobile_application()">
                <span>Given User launches the mobile application</span>
      <div>
      </div>
              </div>
              <div class="step pass-bg" title="stepDefinitions.LoginPageStepDefinitions.user_logs_in_with_username_and_password(java.lang.String,java.lang.String)">
                <span>When User logs in with username "rajyalakshmi724@gmail.com" and password "Amma@31348286"</span>
      <div>
      </div>
              </div>
              <div class="step pass-bg" title="stepDefinitions.LoginPageStepDefinitions.user_should_be_able_to_login()">
                <span>Then User should be able to login</span>
      <div>
      </div>
              </div>
              <div class="step pass-bg" title="stepDefinitions.HomePageStepDefinitions.user_clicks_on_the_pre_planning_icon_in_homepage()">
                <span>Then User clicks on the pre-planning icon in homepage</span>
      <div>
      </div>
              </div>
              <div class="step pass-bg" title="stepDefinitions.PrePlanningStepDefinitions.user_clicks_on_frac_sequence_planning_in_menu_tab()">
                <span>And User clicks on Frac Sequence Planning in menu tab</span>
      <div>
      </div>
              </div>
              <div class="step fail-bg" title="stepDefinitions.PrePlanningMenuPageStepDefinitions.check_whether_si_radio_button_is_selectable()">
                <span>Then Check whether SI radio button is selectable</span>
      <div>
        <textarea disabled class="code-block">org.openqa.selenium.NoSuchElementException: Can't locate an element by this strategy: By.xpath: //XCUIElementTypeApplication[@name="SmartFleet"]/XCUIElementTypeWindow[1]/XCUIElementTypeOther[4]/XCUIElementTypeOther/XCUIElementTypeOther/XCUIElementTypeOther/XCUIElementTypeOther/XCUIElementTypeOther/XCUIElementTypeOther/XCUIElementTypeOther/XCUIElementTypeOther[2]/XCUIElementTypeScrollView/XCUIElementTypeOther[1]/XCUIElementTypeOther[1]/XCUIElementTypeOther/XCUIElementTypeOther[2]/XCUIElementTypeButton[2]
	at io.appium.java_client.pagefactory.AppiumElementLocator.findElement(AppiumElementLocator.java:166)
	at io.appium.java_client.pagefactory.interceptors.InterceptorOfASingleElement.call(InterceptorOfASingleElement.java:64)
	at io.appium.java_client.proxy.Interceptor.intercept(Interceptor.java:78)
	at org.openqa.selenium.remote.RemoteWebElement$ByteBuddy$Y82rfNTY.click(Unknown Source)
	at pageObjects.PrePlanningMenuPage.checkSIradioBtn(PrePlanningMenuPage.java:303)
	at stepDefinitions.PrePlanningMenuPageStepDefinitions.check_whether_si_radio_button_is_selectable(PrePlanningMenuPageStepDefinitions.java:82)
	at ✽.Check whether SI radio button is selectable(file:///Users/abiramisundarapandian/Documents/RubixEclipseWorkspace/SmartfleetApp/src/test/java/features/US121623.feature:47)
Caused by: org.openqa.selenium.TimeoutException: Expected condition failed: waiting for io.appium.java_client.pagefactory.AppiumElementLocator$WaitingFunction@24682160 (tried for 1 second(s) with 500 milliseconds interval)
	at org.openqa.selenium.support.ui.FluentWait.timeoutException(FluentWait.java:262)
	at org.openqa.selenium.support.ui.FluentWait.until(FluentWait.java:230)
	at io.appium.java_client.pagefactory.AppiumElementLocator.waitFor(AppiumElementLocator.java:135)
	at io.appium.java_client.pagefactory.AppiumElementLocator.findElement(AppiumElementLocator.java:160)
	at io.appium.java_client.pagefactory.interceptors.InterceptorOfASingleElement.call(InterceptorOfASingleElement.java:64)
	at io.appium.java_client.proxy.Interceptor.intercept(Interceptor.java:78)
	at org.openqa.selenium.remote.RemoteWebElement$ByteBuddy$Y82rfNTY.click(Unknown Source)
	at pageObjects.PrePlanningMenuPage.checkSIradioBtn(PrePlanningMenuPage.java:303)
	at stepDefinitions.PrePlanningMenuPageStepDefinitions.check_whether_si_radio_button_is_selectable(PrePlanningMenuPageStepDefinitions.java:82)
	at java.base/jdk.internal.reflect.NativeMethodAccessorImpl.invoke0(Native Method)
	at java.base/jdk.internal.reflect.NativeMethodAccessorImpl.invoke(NativeMethodAccessorImpl.java:62)
	at java.base/jdk.internal.reflect.DelegatingMethodAccessorImpl.invoke(DelegatingMethodAccessorImpl.java:43)
	at java.base/java.lang.reflect.Method.invoke(Method.java:566)
	at io.cucumber.java.Invoker.doInvoke(Invoker.java:66)
	at io.cucumber.java.Invoker.invoke(Invoker.java:24)
	at io.cucumber.java.AbstractGlueDefinition.invokeMethod(AbstractGlueDefinition.java:47)
	at io.cucumber.java.JavaStepDefinition.execute(JavaStepDefinition.java:29)
	at io.cucumber.core.runner.CoreStepDefinition.execute(CoreStepDefinition.java:66)
	at io.cucumber.core.runner.PickleStepDefinitionMatch.runStep(PickleStepDefinitionMatch.java:63)
	at io.cucumber.core.runner.ExecutionMode$1.execute(ExecutionMode.java:10)
	at io.cucumber.core.runner.TestStep.executeStep(TestStep.java:84)
	at io.cucumber.core.runner.TestStep.run(TestStep.java:56)
	at io.cucumber.core.runner.PickleStepTestStep.run(PickleStepTestStep.java:51)
	at io.cucumber.core.runner.TestCase.run(TestCase.java:84)
	at io.cucumber.core.runner.Runner.runPickle(Runner.java:75)
	at io.cucumber.testng.TestNGCucumberRunner.lambda$runScenario$1(TestNGCucumberRunner.java:132)
	at io.cucumber.core.runtime.CucumberExecutionContext.lambda$runTestCase$5(CucumberExecutionContext.java:137)
	at io.cucumber.core.runtime.RethrowingThrowableCollector.executeAndThrow(RethrowingThrowableCollector.java:23)
	at io.cucumber.core.runtime.CucumberExecutionContext.runTestCase(CucumberExecutionContext.java:137)
	at io.cucumber.testng.TestNGCucumberRunner.runScenario(TestNGCucumberRunner.java:129)
	at io.cucumber.testng.AbstractTestNGCucumberTests.runScenario(AbstractTestNGCucumberTests.java:35)
	at java.base/jdk.internal.reflect.NativeMethodAccessorImpl.invoke0(Native Method)
	at java.base/jdk.internal.reflect.NativeMethodAccessorImpl.invoke(NativeMethodAccessorImpl.java:62)
	at java.base/jdk.internal.reflect.DelegatingMethodAccessorImpl.invoke(DelegatingMethodAccessorImpl.java:43)
	at java.base/java.lang.reflect.Method.invoke(Method.java:566)
	at org.testng.internal.invokers.MethodInvocationHelper.invokeMethod(MethodInvocationHelper.java:139)
	at org.testng.internal.invokers.TestInvoker.invokeMethod(TestInvoker.java:664)
	at org.testng.internal.invokers.TestInvoker.invokeTestMethod(TestInvoker.java:227)
	at org.testng.internal.invokers.MethodRunner.runInSequence(MethodRunner.java:50)
	at org.testng.internal.invokers.TestInvoker$MethodInvocationAgent.invoke(TestInvoker.java:957)
	at org.testng.internal.invokers.TestInvoker.invokeTestMethods(TestInvoker.java:200)
	at org.testng.internal.invokers.TestMethodWorker.invokeTestMethods(TestMethodWorker.java:148)
	at org.testng.internal.invokers.TestMethodWorker.run(TestMethodWorker.java:128)
	at java.base/java.util.ArrayList.forEach(ArrayList.java:1541)
	at org.testng.TestRunner.privateRun(TestRunner.java:848)
	at org.testng.TestRunner.run(TestRunner.java:621)
	at org.testng.SuiteRunner.runTest(SuiteRunner.java:443)
	at org.testng.SuiteRunner.runSequentially(SuiteRunner.java:437)
	at org.testng.SuiteRunner.privateRun(SuiteRunner.java:397)
	at org.testng.SuiteRunner.run(SuiteRunner.java:336)
	at org.testng.SuiteRunnerWorker.runSuite(SuiteRunnerWorker.java:52)
	at org.testng.SuiteRunnerWorker.run(SuiteRunnerWorker.java:95)
	at org.testng.TestNG.runSuitesSequentially(TestNG.java:1280)
	at org.testng.TestNG.runSuitesLocally(TestNG.java:1200)
	at org.testng.TestNG.runSuites(TestNG.java:1114)
	at org.testng.TestNG.run(TestNG.java:1082)
	at org.testng.remote.AbstractRemoteTestNG.run(AbstractRemoteTestNG.java:115)
	at org.testng.remote.RemoteTestNG.initAndRun(RemoteTestNG.java:251)
	at org.testng.remote.RemoteTestNG.main(RemoteTestNG.java:77)
Caused by: org.openqa.selenium.NoSuchElementException: An element could not be located on the page using the given search parameters.
For documentation on this error, please visit: https://www.selenium.dev/documentation/webdriver/troubleshooting/errors#no-such-element-exception
Build info: version: '4.13.0', revision: 'ba948ece5b*'
System info: os.name: 'Mac OS X', os.arch: 'aarch64', os.version: '14.0', java.version: '11.0.17'
Driver info: io.appium.java_client.ios.IOSDriver
Command: [2e45c20f4513179f89088cf20ac2f201a224fa31, findElement {using=xpath, value=//XCUIElementTypeApplication[@name="SmartFleet"]/XCUIElementTypeWindow[1]/XCUIElementTypeOther[4]/XCUIElementTypeOther/XCUIElementTypeOther/XCUIElementTypeOther/XCUIElementTypeOther/XCUIElementTypeOther/XCUIElementTypeOther/XCUIElementTypeOther/XCUIElementTypeOther[2]/XCUIElementTypeScrollView/XCUIElementTypeOther[1]/XCUIElementTypeOther[1]/XCUIElementTypeOther/XCUIElementTypeOther[2]/XCUIElementTypeButton[2]}]
Capabilities {appium:automationName: XCUITest, appium:bootstrapPath: /usr/local/.browserstack/co..., appium:browserstack.isTargetBased: true, appium:build: 2.0.12, appium:bundleID: com.halliburton.ucwmobile, appium:bundleId: com.halliburton.ucwmobile, appium:databaseEnabled: false, appium:deviceName: iphone 14, appium:deviceOrientation: PORTRAIT, appium:javascriptEnabled: true, appium:keychainPassword: [REDACTED VALUE], appium:keychainPath: [REDACTED VALUE], appium:locationContextEnabled: false, appium:name: browserstack sample test, appium:networkConnectionEnabled: false, appium:newCommandTimeout: 0, appium:noReset: true, appium:orientation: PORTRAIT, appium:os_version: 16, appium:project: bsdemo, appium:realMobile: true, appium:safariIgnoreFraudWarning: true, appium:safariInitialUrl: http://mobile-internet-chec..., appium:takesScreenshot: true, appium:udid: 00008110-000A11DC36F2401E, appium:useXctestrunFile: true, appium:waitForQuiescence: false, appium:wdaStartupRetries: 3, appium:webStorageEnabled: false, appium:webkitResponseTimeout: 20000, bstack:options: {appiumVersion: 1.21.0}, platformName: IOS}
Session ID: 2e45c20f4513179f89088cf20ac2f201a224fa31
	at java.base/jdk.internal.reflect.NativeConstructorAccessorImpl.newInstance0(Native Method)
	at java.base/jdk.internal.reflect.NativeConstructorAccessorImpl.newInstance(NativeConstructorAccessorImpl.java:62)
	at java.base/jdk.internal.reflect.DelegatingConstructorAccessorImpl.newInstance(DelegatingConstructorAccessorImpl.java:45)
	at java.base/java.lang.reflect.Constructor.newInstance(Constructor.java:490)
	at org.openqa.selenium.remote.codec.w3c.W3CHttpResponseCodec.createException(W3CHttpResponseCodec.java:200)
	at org.openqa.selenium.remote.codec.w3c.W3CHttpResponseCodec.decode(W3CHttpResponseCodec.java:133)
	at org.openqa.selenium.remote.codec.w3c.W3CHttpResponseCodec.decode(W3CHttpResponseCodec.java:52)
	at org.openqa.selenium.remote.HttpCommandExecutor.execute(HttpCommandExecutor.java:191)
	at io.appium.java_client.remote.AppiumCommandExecutor.execute(AppiumCommandExecutor.java:250)
	at org.openqa.selenium.remote.RemoteWebDriver.execute(RemoteWebDriver.java:602)
	at org.openqa.selenium.remote.ElementLocation$ElementFinder$2.findElement(ElementLocation.java:165)
	at org.openqa.selenium.remote.ElementLocation.findElement(ElementLocation.java:59)
	at org.openqa.selenium.remote.RemoteWebDriver.findElement(RemoteWebDriver.java:359)
	at org.openqa.selenium.remote.RemoteWebDriver.findElement(RemoteWebDriver.java:353)
	at io.appium.java_client.pagefactory.bys.ContentMappedBy.findElement(ContentMappedBy.java:53)
	at org.openqa.selenium.remote.ElementLocation$ElementFinder$1.findElement(ElementLocation.java:139)
	at org.openqa.selenium.remote.ElementLocation.findElement(ElementLocation.java:59)
	at org.openqa.selenium.remote.RemoteWebDriver.findElement(RemoteWebDriver.java:359)
	at org.openqa.selenium.remote.RemoteWebDriver.findElement(RemoteWebDriver.java:353)
	at io.appium.java_client.pagefactory.AppiumElementLocator.lambda$findElement$1(AppiumElementLocator.java:160)
	at io.appium.java_client.pagefactory.AppiumElementLocator$WaitingFunction.apply(AppiumElementLocator.java:217)
	at io.appium.java_client.pagefactory.AppiumElementLocator$WaitingFunction.apply(AppiumElementLocator.java:210)
	at org.openqa.selenium.support.ui.FluentWait.until(FluentWait.java:205)
	... 57 more
</textarea>
      
      </div>
              </div>
              <div class="step pass-bg" title="AFTER_STEP">
                <span>stepDefinitions.hooks.AddScreenshot(io.cucumber.java.Scenario)</span>
      <div>image
          <div class="row mb-3"><div class="col-md-3">
<img data-featherlight='./screenshots/embedded4.png' src="./screenshots/embedded4.png">
    
    </div></div>
</div>
      <div>
      </div>
              </div>
              <div class="step skip-bg" title="stepDefinitions.PrePlanningMenuPageStepDefinitions.preferred_unit_is_in_si_give_values_as_and_in_single_well_lateral_length_tab_and_the_values_should_be_accepted(java.lang.Integer,java.lang.Integer)">
                <span>Then Preferred unit is in SI, give values as 301 and 5999 in  Single Well Lateral Length tab and the values should be accepted</span>
      <div>Step skipped
      </div>
              </div>
          </div>
        </div>
  </div>
</div>
          </div>
        </li>
      </ul>
    </div>
  </div>
<div class="test-content scrollable">
<div class="test-content-tools">
<ul><li><a class="back-to-test" href="#"><i class="fa fa-arrow-left"></i></a></li></ul>
</div>
<div class="test-content-detail"><div class="detail-body"></div></div>
</div></div>
<div class="test-wrapper row view exception-view attributes-view">
<div class="test-list">
<div class="test-list-tools">
<ul class="tools pull-left"><li><a href=""><span class="font-size-14">Exception</span></a></li></ul>
<ul class="tools text-right"><li><a href="#"><span class="badge badge-primary">2</span></a></li></ul>
</div>
<div class="test-list-wrapper scrollable">
<ul class="test-list-item">
<li class="test-item">
<div class="test-detail">
<span class="meta">
<span class='badge log badge-danger'>3</span>
</span>
<p class="name">org.openqa.selenium.NoSuchElementException</p>
<p class="duration text-sm">3 tests</p>
</div>
<div class="test-contents d-none">
<div class="info">
<h4>org.openqa.selenium.NoSuchElementException</h4>
<span status="fail" class='badge log badge-danger'>3 failed</span>
</div>
<table class='table table-sm mt-4'>
<thead>
<tr>
<th class="status-col">Status</th>
<th class="timestamp-col">Timestamp</th>
<th>TestName</th>
</tr>
</thead>
<tbody>
<tr class="tag-test-status" status="fail">
<td><span class="badge log fail-bg">Fail</span></td>
<td>12:18:19 PM</td>
<td>
<a href="#" class="linked" test-id='1' id='28'>Then Check whether SI radio button is selectable</a>
<div class="">
<span class="badge badge-default">US121623 [Interaction] [Pre job planning] Single Well Lateral Length.TC122074 Verify by giving wrong values in Single Well Lateral Length tab without applying condition for unit SI.Then Check whether SI radio button is selectable</span>
</div>
</td>
</tr>
<tr class="tag-test-status" status="fail">
<td><span class="badge log fail-bg">Fail</span></td>
<td>12:20:55 PM</td>
<td>
<a href="#" class="linked" test-id='1' id='58'>Then Check whether SI radio button is selectable</a>
<div class="">
<span class="badge badge-default">US121623 [Interaction] [Pre job planning] Single Well Lateral Length.TC122075 Verify the default value in Single Well Lateral Length Tab(SI Units).Then Check whether SI radio button is selectable</span>
</div>
</td>
</tr>
<tr class="tag-test-status" status="fail">
<td><span class="badge log fail-bg">Fail</span></td>
<td>12:22:56 PM</td>
<td>
<a href="#" class="linked" test-id='1' id='88'>Then Check whether SI radio button is selectable</a>
<div class="">
<span class="badge badge-default">US121623 [Interaction] [Pre job planning] Single Well Lateral Length.TC122073 Verify the value in Single Well Lateral Length by applying condition for unit SI.Then Check whether SI radio button is selectable</span>
</div>
</td>
</tr>
</tbody>
</table>
</div>
</li>
<li class="test-item">
<div class="test-detail">
<span class="meta">
<span class='badge log badge-danger'>1</span>
</span>
<p class="name">java.lang.AssertionError</p>
<p class="duration text-sm">1 tests</p>
</div>
<div class="test-contents d-none">
<div class="info">
<h4>java.lang.AssertionError</h4>
<span status="fail" class='badge log badge-danger'>1 failed</span>
</div>
<table class='table table-sm mt-4'>
<thead>
<tr>
<th class="status-col">Status</th>
<th class="timestamp-col">Timestamp</th>
<th>TestName</th>
</tr>
</thead>
<tbody>
<tr class="tag-test-status" status="fail">
<td><span class="badge log fail-bg">Fail</span></td>
<td>12:19:52 PM</td>
<td>
<a href="#" class="linked" test-id='1' id='45'>Then Verify the default value in Single Well Lateral Length Tab(API Units) is 9507</a>
<div class="">
<span class="badge badge-default">US121623 [Interaction] [Pre job planning] Single Well Lateral Length.TC122071 Verify the default value in Single Well Lateral Length Tab(API Units).Then Verify the default value in Single Well Lateral Length Tab(API Units) is 9507</span>
</div>
</td>
</tr>
</tbody>
</table>
</div>
</li>
</ul>
</div>
</div>
<div class="test-content scrollable">
<div class="test-content-detail">
<div class="detail-body"></div>
</div>
</div>
</div><div class="container-fluid p-4 view dashboard-view">
<div class="row">
<div class="col-md-3">
<div class="card"><div class="card-body">
<p class="m-b-0">Started</p>
<h3>Feb 1, 2024 12:16:33 PM</h3>
</div></div>
</div>
<div class="col-md-3">
<div class="card"><div class="card-body">
<p class="m-b-0">Ended</p>
<h3>Feb 1, 2024 12:23:19 PM</h3>
</div></div>
</div>
<div class="col-md-3">
<div class="card"><div class="card-body">
<p class="m-b-0 text-pass">Features Passed</p>
<h3>0</h3>
</div></div>
</div>
<div class="col-md-3">
<div class="card"><div class="card-body">
<p class="m-b-0 text-fail">Features Failed</p>
<h3>1</h3>
</div></div>
</div>
</div>
<div class="row">
<div class="col-md-4">
<div class="card">
<div class="card-header">
<h6 class="card-title">Features</h6>
</div>
<div class="card-body">
<div class="">
<canvas id='parent-analysis' width='115' height='90'></canvas>
</div>
</div>
<div class="card-footer">
<div><small data-tooltip='0%'>
<b>0</b> features passed
</small>
</div>
<div>
<small data-tooltip='100%'><b>1</b> features failed,
<b>0</b> skipped, <b data-tooltip='0%'>0</b> others
</small>
</div>
</div>
</div>
</div>
<div class="col-md-4">
<div class="card">
<div class="card-header">
<h6 class="card-title">Scenarios</h6>
</div>
<div class="card-body">
<div class="">
<canvas id='child-analysis' width='115' height='90'></canvas>
</div>
</div>
<div class="card-footer">
<div><small data-tooltip='33%'><b>2</b> scenarios passed</small></div>
<div>
<small data-tooltip='66%'><b>4</b> scenarios failed,
<b>0</b> skipped, <b data-tooltip='%'>0</b> others
</small>
</div>
</div>
</div>
</div>
<div class="col-md-4">
<div class="card">
<div class="card-header">
<h6 class="card-title">Steps</h6>
</div>
<div class="card-body">
<div class="">
<canvas id='grandchild-analysis' width='115' height='90'></canvas>
</div>
</div>
<div class="card-footer">
<div><small data-tooltip='84%'><b>39</b> steps passed</small></div>
<div>
<small data-tooltip='8%'><b>4</b> steps failed,
<b>3</b> skipped, <b data-tooltip='%'>0</b> others
</small>
</div>
</div>
</div>
</div>
</div>
<div class="row"><div class="col-md-12">
<div class="card"><div class="card-header"><p>Timeline</p></div>
<div class="card-body pt-0"><div>
<canvas id="timeline" height="120"></canvas>
</div></div>
</div>
</div></div>
<script>
var timeline = {
"US121623 [Interaction] [Pre job planning] Single Well Lateral Length":405.037
};
</script>
<div class="row">
</div>
</div>
<script>
var statusGroup = {
parentCount: 5,
passParent: 0,
failParent: 1,
warningParent: 0,
skipParent: 0,
childCount: 5,
passChild: 2,
failChild: 4,
warningChild: 0,
skipChild: 0,
infoChild: 0,
grandChildCount: 5,
passGrandChild: 39,
failGrandChild: 4,
warningGrandChild: 0,
skipGrandChild: 3,
infoGrandChild: 0,
eventsCount: 5,
};
</script>        </div>
      </div>
    </div>
  </div>
<script src="https://cdn.jsdelivr.net/gh/extent-framework/extent-github-cdn@d6562a79075e061305ccfdb82f01e5e195e2d307/spark/js/spark-script.js"></script>
<script type="text/javascript"></script></body>
</html>